{"/home/alex/Desktop/EBANX-SoftwareEngineer-Technical-Test/src/app.ts": {"path":"/home/alex/Desktop/EBANX-SoftwareEngineer-Technical-Test/src/app.ts","statementMap":{"0":{"start":{"line":1,"column":0},"end":{"line":1,"column":53}},"1":{"start":{"line":3,"column":0},"end":{"line":3,"column":30}},"2":{"start":{"line":4,"column":0},"end":{"line":4,"column":30}},"3":{"start":{"line":5,"column":0},"end":{"line":5,"column":null}},"4":{"start":{"line":10,"column":12},"end":{"line":10,"column":21}},"5":{"start":{"line":12,"column":0},"end":{"line":24,"column":7}},"6":{"start":{"line":15,"column":8},"end":{"line":19,"column":null}},"7":{"start":{"line":16,"column":12},"end":{"line":18,"column":15}},"8":{"start":{"line":20,"column":8},"end":{"line":23,"column":11}},"9":{"start":{"line":26,"column":0},"end":{"line":26,"column":19}}},"fnMap":{"0":{"name":"(anonymous_1)","decl":{"start":{"line":14,"column":9},"end":{"line":14,"column":10}},"loc":{"start":{"line":14,"column":64},"end":{"line":24,"column":5}}}},"branchMap":{"0":{"loc":{"start":{"line":15,"column":8},"end":{"line":19,"column":null}},"type":"if","locations":[{"start":{"line":15,"column":8},"end":{"line":19,"column":null}}]}},"s":{"0":9,"1":9,"2":9,"3":9,"4":9,"5":9,"6":0,"7":0,"8":0,"9":9},"f":{"0":0},"b":{"0":[0]}}
,"/home/alex/Desktop/EBANX-SoftwareEngineer-Technical-Test/src/routes.ts": {"path":"/home/alex/Desktop/EBANX-SoftwareEngineer-Technical-Test/src/routes.ts","statementMap":{"0":{"start":{"line":1,"column":0},"end":{"line":1,"column":33}},"1":{"start":{"line":3,"column":0},"end":{"line":3,"column":85}},"2":{"start":{"line":4,"column":0},"end":{"line":4,"column":82}},"3":{"start":{"line":5,"column":0},"end":{"line":5,"column":85}},"4":{"start":{"line":7,"column":0},"end":{"line":10,"column":50}}},"fnMap":{},"branchMap":{},"s":{"0":9,"1":9,"2":9,"3":9,"4":9},"f":{},"b":{}}
,"/home/alex/Desktop/EBANX-SoftwareEngineer-Technical-Test/src/factories/makeAccountRepository.ts": {"path":"/home/alex/Desktop/EBANX-SoftwareEngineer-Technical-Test/src/factories/makeAccountRepository.ts","statementMap":{"0":{"start":{"line":2,"column":0},"end":{"line":2,"column":98}},"1":{"start":{"line":4,"column":37},"end":{"line":6,"column":1}},"2":{"start":{"line":5,"column":4},"end":{"line":5,"column":51}},"3":{"start":{"line":4,"column":13},"end":{"line":4,"column":37}}},"fnMap":{"0":{"name":"(anonymous_1)","decl":{"start":{"line":4,"column":37},"end":{"line":4,"column":60}},"loc":{"start":{"line":4,"column":62},"end":{"line":6,"column":1}}}},"branchMap":{},"s":{"0":9,"1":9,"2":14,"3":9},"f":{"0":14},"b":{}}
,"/home/alex/Desktop/EBANX-SoftwareEngineer-Technical-Test/src/modules/account/getBalance/AccountGetBalanceUseCase.ts": {"path":"/home/alex/Desktop/EBANX-SoftwareEngineer-Technical-Test/src/modules/account/getBalance/AccountGetBalanceUseCase.ts","statementMap":{"0":{"start":{"line":11,"column":8},"end":{"line":11,"column":51}},"1":{"start":{"line":15,"column":52},"end":{"line":15,"column":97}},"2":{"start":{"line":17,"column":8},"end":{"line":20,"column":10}},"3":{"start":{"line":7,"column":0},"end":{"line":7,"column":21}}},"fnMap":{"0":{"name":"(anonymous_0)","decl":{"start":{"line":10,"column":4},"end":{"line":10,"column":16}},"loc":{"start":{"line":10,"column":53},"end":{"line":12,"column":5}}},"1":{"name":"(anonymous_1)","decl":{"start":{"line":14,"column":4},"end":{"line":14,"column":9}},"loc":{"start":{"line":14,"column":58},"end":{"line":21,"column":5}}}},"branchMap":{},"s":{"0":2,"1":2,"2":2,"3":9},"f":{"0":2,"1":2},"b":{}}
,"/home/alex/Desktop/EBANX-SoftwareEngineer-Technical-Test/src/modules/account/getBalance/GetBalanceController.ts": {"path":"/home/alex/Desktop/EBANX-SoftwareEngineer-Technical-Test/src/modules/account/getBalance/GetBalanceController.ts","statementMap":{"0":{"start":{"line":3,"column":0},"end":{"line":3,"column":81}},"1":{"start":{"line":4,"column":0},"end":{"line":4,"column":66}},"2":{"start":{"line":8,"column":31},"end":{"line":8,"column":66}},"3":{"start":{"line":10,"column":35},"end":{"line":12,"column":33}},"4":{"start":{"line":14,"column":8},"end":{"line":16,"column":46}},"5":{"start":{"line":20,"column":0},"end":{"line":20,"column":42}}},"fnMap":{"0":{"name":"(anonymous_1)","decl":{"start":{"line":7,"column":4},"end":{"line":7,"column":9}},"loc":{"start":{"line":7,"column":44},"end":{"line":17,"column":5}}}},"branchMap":{},"s":{"0":9,"1":9,"2":2,"3":2,"4":2,"5":9},"f":{"0":2},"b":{}}
,"/home/alex/Desktop/EBANX-SoftwareEngineer-Technical-Test/src/modules/account/postEvent/AccountDepositUseCase.ts": {"path":"/home/alex/Desktop/EBANX-SoftwareEngineer-Technical-Test/src/modules/account/postEvent/AccountDepositUseCase.ts","statementMap":{"0":{"start":{"line":12,"column":8},"end":{"line":12,"column":51}},"1":{"start":{"line":16,"column":52},"end":{"line":18,"column":null}},"2":{"start":{"line":21,"column":8},"end":{"line":24,"column":10}},"3":{"start":{"line":8,"column":0},"end":{"line":8,"column":21}}},"fnMap":{"0":{"name":"(anonymous_0)","decl":{"start":{"line":11,"column":4},"end":{"line":11,"column":16}},"loc":{"start":{"line":11,"column":53},"end":{"line":13,"column":5}}},"1":{"name":"(anonymous_1)","decl":{"start":{"line":15,"column":4},"end":{"line":15,"column":9}},"loc":{"start":{"line":15,"column":64},"end":{"line":25,"column":5}}}},"branchMap":{},"s":{"0":6,"1":6,"2":6,"3":9},"f":{"0":6,"1":6},"b":{}}
,"/home/alex/Desktop/EBANX-SoftwareEngineer-Technical-Test/src/modules/account/postEvent/AccountTransferUseCase.ts": {"path":"/home/alex/Desktop/EBANX-SoftwareEngineer-Technical-Test/src/modules/account/postEvent/AccountTransferUseCase.ts","statementMap":{"0":{"start":{"line":13,"column":8},"end":{"line":13,"column":51}},"1":{"start":{"line":17,"column":52},"end":{"line":20,"column":null}},"2":{"start":{"line":23,"column":8},"end":{"line":26,"column":10}},"3":{"start":{"line":9,"column":0},"end":{"line":9,"column":21}}},"fnMap":{"0":{"name":"(anonymous_0)","decl":{"start":{"line":12,"column":4},"end":{"line":12,"column":16}},"loc":{"start":{"line":12,"column":53},"end":{"line":14,"column":5}}},"1":{"name":"(anonymous_1)","decl":{"start":{"line":16,"column":4},"end":{"line":16,"column":9}},"loc":{"start":{"line":16,"column":73},"end":{"line":27,"column":5}}}},"branchMap":{},"s":{"0":2,"1":2,"2":2,"3":9},"f":{"0":2,"1":2},"b":{}}
,"/home/alex/Desktop/EBANX-SoftwareEngineer-Technical-Test/src/modules/account/postEvent/AccountWithdrawUseCase.ts": {"path":"/home/alex/Desktop/EBANX-SoftwareEngineer-Technical-Test/src/modules/account/postEvent/AccountWithdrawUseCase.ts","statementMap":{"0":{"start":{"line":12,"column":8},"end":{"line":12,"column":51}},"1":{"start":{"line":16,"column":52},"end":{"line":16,"column":99}},"2":{"start":{"line":18,"column":8},"end":{"line":21,"column":10}},"3":{"start":{"line":8,"column":0},"end":{"line":8,"column":21}}},"fnMap":{"0":{"name":"(anonymous_0)","decl":{"start":{"line":11,"column":4},"end":{"line":11,"column":16}},"loc":{"start":{"line":11,"column":53},"end":{"line":13,"column":5}}},"1":{"name":"(anonymous_1)","decl":{"start":{"line":15,"column":4},"end":{"line":15,"column":9}},"loc":{"start":{"line":15,"column":60},"end":{"line":22,"column":5}}}},"branchMap":{},"s":{"0":2,"1":2,"2":2,"3":9},"f":{"0":2,"1":2},"b":{}}
,"/home/alex/Desktop/EBANX-SoftwareEngineer-Technical-Test/src/modules/account/postEvent/PostEventController.ts": {"path":"/home/alex/Desktop/EBANX-SoftwareEngineer-Technical-Test/src/modules/account/postEvent/PostEventController.ts","statementMap":{"0":{"start":{"line":3,"column":0},"end":{"line":3,"column":81}},"1":{"start":{"line":9,"column":0},"end":{"line":9,"column":60}},"2":{"start":{"line":10,"column":0},"end":{"line":10,"column":62}},"3":{"start":{"line":11,"column":0},"end":{"line":11,"column":62}},"4":{"start":{"line":15,"column":54},"end":{"line":15,"column":62}},"5":{"start":{"line":22,"column":8},"end":{"line":38,"column":null}},"6":{"start":{"line":23,"column":12},"end":{"line":26,"column":15}},"7":{"start":{"line":27,"column":15},"end":{"line":38,"column":null}},"8":{"start":{"line":28,"column":12},"end":{"line":31,"column":15}},"9":{"start":{"line":32,"column":15},"end":{"line":38,"column":null}},"10":{"start":{"line":33,"column":12},"end":{"line":37,"column":15}},"11":{"start":{"line":40,"column":8},"end":{"line":42,"column":46}},"12":{"start":{"line":46,"column":0},"end":{"line":46,"column":41}}},"fnMap":{"0":{"name":"(anonymous_1)","decl":{"start":{"line":14,"column":4},"end":{"line":14,"column":9}},"loc":{"start":{"line":14,"column":44},"end":{"line":43,"column":5}}}},"branchMap":{"0":{"loc":{"start":{"line":22,"column":8},"end":{"line":38,"column":null}},"type":"if","locations":[{"start":{"line":22,"column":8},"end":{"line":38,"column":null}},{"start":{"line":27,"column":15},"end":{"line":38,"column":null}}]},"1":{"loc":{"start":{"line":27,"column":15},"end":{"line":38,"column":null}},"type":"if","locations":[{"start":{"line":27,"column":15},"end":{"line":38,"column":null}},{"start":{"line":32,"column":15},"end":{"line":38,"column":null}}]},"2":{"loc":{"start":{"line":32,"column":15},"end":{"line":38,"column":null}},"type":"if","locations":[{"start":{"line":32,"column":15},"end":{"line":38,"column":null}}]}},"s":{"0":9,"1":9,"2":9,"3":9,"4":10,"5":10,"6":6,"7":4,"8":2,"9":2,"10":2,"11":10,"12":9},"f":{"0":10},"b":{"0":[6,4],"1":[2,2],"2":[2]}}
,"/home/alex/Desktop/EBANX-SoftwareEngineer-Technical-Test/src/modules/account/resetState/AccountResetStateUseCase.ts": {"path":"/home/alex/Desktop/EBANX-SoftwareEngineer-Technical-Test/src/modules/account/resetState/AccountResetStateUseCase.ts","statementMap":{"0":{"start":{"line":2,"column":0},"end":{"line":2,"column":64}},"1":{"start":{"line":8,"column":8},"end":{"line":8,"column":51}},"2":{"start":{"line":12,"column":8},"end":{"line":12,"column":63}},"3":{"start":{"line":14,"column":8},"end":{"line":14,"column":78}},"4":{"start":{"line":4,"column":0},"end":{"line":4,"column":21}}},"fnMap":{"0":{"name":"(anonymous_0)","decl":{"start":{"line":7,"column":4},"end":{"line":7,"column":16}},"loc":{"start":{"line":7,"column":53},"end":{"line":9,"column":5}}},"1":{"name":"(anonymous_1)","decl":{"start":{"line":11,"column":4},"end":{"line":11,"column":9}},"loc":{"start":{"line":11,"column":17},"end":{"line":15,"column":5}}}},"branchMap":{},"s":{"0":9,"1":2,"2":2,"3":2,"4":9},"f":{"0":2,"1":2},"b":{}}
,"/home/alex/Desktop/EBANX-SoftwareEngineer-Technical-Test/src/modules/account/resetState/ResetStateController.ts": {"path":"/home/alex/Desktop/EBANX-SoftwareEngineer-Technical-Test/src/modules/account/resetState/ResetStateController.ts","statementMap":{"0":{"start":{"line":3,"column":0},"end":{"line":3,"column":81}},"1":{"start":{"line":4,"column":0},"end":{"line":4,"column":66}},"2":{"start":{"line":8,"column":42},"end":{"line":10,"column":19}},"3":{"start":{"line":12,"column":8},"end":{"line":14,"column":53}},"4":{"start":{"line":18,"column":0},"end":{"line":18,"column":42}}},"fnMap":{"0":{"name":"(anonymous_1)","decl":{"start":{"line":7,"column":4},"end":{"line":7,"column":9}},"loc":{"start":{"line":7,"column":44},"end":{"line":15,"column":5}}}},"branchMap":{},"s":{"0":9,"1":9,"2":2,"3":2,"4":9},"f":{"0":2},"b":{}}
,"/home/alex/Desktop/EBANX-SoftwareEngineer-Technical-Test/src/repositories/InMemoryDatabaseAccountRepository.ts": {"path":"/home/alex/Desktop/EBANX-SoftwareEngineer-Technical-Test/src/repositories/InMemoryDatabaseAccountRepository.ts","statementMap":{"0":{"start":{"line":10,"column":0},"end":{"line":10,"column":null}},"1":{"start":{"line":16,"column":53},"end":{"line":16,"column":55}},"2":{"start":{"line":20,"column":8},"end":{"line":20,"column":47}},"3":{"start":{"line":22,"column":8},"end":{"line":25,"column":11}},"4":{"start":{"line":27,"column":8},"end":{"line":30,"column":10}},"5":{"start":{"line":34,"column":8},"end":{"line":41,"column":null}},"6":{"start":{"line":34,"column":21},"end":{"line":34,"column":22}},"7":{"start":{"line":35,"column":12},"end":{"line":40,"column":null}},"8":{"start":{"line":36,"column":16},"end":{"line":39,"column":18}},"9":{"start":{"line":43,"column":8},"end":{"line":46,"column":10}},"10":{"start":{"line":50,"column":8},"end":{"line":64,"column":null}},"11":{"start":{"line":50,"column":21},"end":{"line":50,"column":22}},"12":{"start":{"line":51,"column":12},"end":{"line":63,"column":null}},"13":{"start":{"line":52,"column":16},"end":{"line":52,"column":65}},"14":{"start":{"line":54,"column":16},"end":{"line":62,"column":18}},"15":{"start":{"line":66,"column":8},"end":{"line":69,"column":11}},"16":{"start":{"line":71,"column":8},"end":{"line":79,"column":10}},"17":{"start":{"line":83,"column":8},"end":{"line":97,"column":null}},"18":{"start":{"line":83,"column":21},"end":{"line":83,"column":22}},"19":{"start":{"line":84,"column":12},"end":{"line":96,"column":null}},"20":{"start":{"line":85,"column":16},"end":{"line":85,"column":65}},"21":{"start":{"line":87,"column":16},"end":{"line":95,"column":18}},"22":{"start":{"line":99,"column":8},"end":{"line":102,"column":10}},"23":{"start":{"line":106,"column":37},"end":{"line":107,"column":null}},"24":{"start":{"line":107,"column":25},"end":{"line":107,"column":46}},"25":{"start":{"line":110,"column":42},"end":{"line":111,"column":null}},"26":{"start":{"line":111,"column":25},"end":{"line":111,"column":51}},"27":{"start":{"line":114,"column":8},"end":{"line":131,"column":null}},"28":{"start":{"line":115,"column":12},"end":{"line":115,"column":80}},"29":{"start":{"line":116,"column":12},"end":{"line":116,"column":85}},"30":{"start":{"line":118,"column":12},"end":{"line":130,"column":14}},"31":{"start":{"line":133,"column":8},"end":{"line":136,"column":10}},"32":{"start":{"line":18,"column":0},"end":{"line":18,"column":21}}},"fnMap":{"0":{"name":"(anonymous_0)","decl":{"start":{"line":19,"column":4},"end":{"line":19,"column":33}},"loc":{"start":{"line":19,"column":33},"end":{"line":31,"column":5}}},"1":{"name":"(anonymous_1)","decl":{"start":{"line":33,"column":4},"end":{"line":33,"column":14}},"loc":{"start":{"line":33,"column":32},"end":{"line":47,"column":5}}},"2":{"name":"(anonymous_2)","decl":{"start":{"line":49,"column":4},"end":{"line":49,"column":11}},"loc":{"start":{"line":49,"column":47},"end":{"line":80,"column":5}}},"3":{"name":"(anonymous_3)","decl":{"start":{"line":82,"column":4},"end":{"line":82,"column":12}},"loc":{"start":{"line":82,"column":43},"end":{"line":103,"column":5}}},"4":{"name":"(anonymous_4)","decl":{"start":{"line":105,"column":4},"end":{"line":105,"column":12}},"loc":{"start":{"line":105,"column":64},"end":{"line":137,"column":5}}},"5":{"name":"(anonymous_5)","decl":{"start":{"line":107,"column":12},"end":{"line":107,"column":13}},"loc":{"start":{"line":107,"column":25},"end":{"line":107,"column":46}}},"6":{"name":"(anonymous_6)","decl":{"start":{"line":111,"column":12},"end":{"line":111,"column":13}},"loc":{"start":{"line":111,"column":25},"end":{"line":111,"column":51}}}},"branchMap":{"0":{"loc":{"start":{"line":35,"column":12},"end":{"line":40,"column":null}},"type":"if","locations":[{"start":{"line":35,"column":12},"end":{"line":40,"column":null}}]},"1":{"loc":{"start":{"line":51,"column":12},"end":{"line":63,"column":null}},"type":"if","locations":[{"start":{"line":51,"column":12},"end":{"line":63,"column":null}}]},"2":{"loc":{"start":{"line":84,"column":12},"end":{"line":96,"column":null}},"type":"if","locations":[{"start":{"line":84,"column":12},"end":{"line":96,"column":null}}]},"3":{"loc":{"start":{"line":114,"column":8},"end":{"line":131,"column":null}},"type":"if","locations":[{"start":{"line":114,"column":8},"end":{"line":131,"column":null}}]},"4":{"loc":{"start":{"line":114,"column":12},"end":{"line":114,"column":71}},"type":"binary-expr","locations":[{"start":{"line":114,"column":12},"end":{"line":114,"column":37}},{"start":{"line":114,"column":41},"end":{"line":114,"column":71}}]}},"s":{"0":9,"1":9,"2":2,"3":2,"4":2,"5":2,"6":2,"7":2,"8":1,"9":1,"10":6,"11":6,"12":1,"13":0,"14":0,"15":6,"16":6,"17":2,"18":2,"19":1,"20":1,"21":1,"22":1,"23":2,"24":2,"25":2,"26":1,"27":2,"28":1,"29":1,"30":1,"31":1,"32":9},"f":{"0":2,"1":2,"2":6,"3":2,"4":2,"5":2,"6":1},"b":{"0":[1],"1":[0],"2":[1],"3":[1],"4":[2,1]}}
,"/home/alex/Desktop/EBANX-SoftwareEngineer-Technical-Test/src/shared/constants.ts": {"path":"/home/alex/Desktop/EBANX-SoftwareEngineer-Technical-Test/src/shared/constants.ts","statementMap":{"0":{"start":{"line":1,"column":13},"end":{"line":1,"column":39}},"1":{"start":{"line":3,"column":13},"end":{"line":3,"column":44}},"2":{"start":{"line":5,"column":13},"end":{"line":5,"column":48}},"3":{"start":{"line":7,"column":13},"end":{"line":7,"column":46}},"4":{"start":{"line":9,"column":13},"end":{"line":9,"column":58}}},"fnMap":{},"branchMap":{},"s":{"0":9,"1":9,"2":9,"3":9,"4":9},"f":{},"b":{}}
}
