TN:
SF:src/app.ts
FN:14,(anonymous_1)
FNF:1
FNH:0
FNDA:0,(anonymous_1)
DA:1,9
DA:3,9
DA:4,9
DA:5,9
DA:10,9
DA:12,9
DA:15,0
DA:16,0
DA:20,0
DA:26,9
LF:10
LH:7
BRDA:15,0,0,0
BRF:1
BRH:0
end_of_record
TN:
SF:src/routes.ts
FNF:0
FNH:0
DA:1,9
DA:3,9
DA:4,9
DA:5,9
DA:7,9
LF:5
LH:5
BRF:0
BRH:0
end_of_record
TN:
SF:src/factories/makeAccountRepository.ts
FN:4,(anonymous_1)
FNF:1
FNH:1
FNDA:14,(anonymous_1)
DA:2,9
DA:4,9
DA:5,14
LF:3
LH:3
BRF:0
BRH:0
end_of_record
TN:
SF:src/modules/account/getBalance/AccountGetBalanceUseCase.ts
FN:10,(anonymous_0)
FN:14,(anonymous_1)
FNF:2
FNH:2
FNDA:2,(anonymous_0)
FNDA:2,(anonymous_1)
DA:7,9
DA:11,2
DA:15,2
DA:17,2
LF:4
LH:4
BRF:0
BRH:0
end_of_record
TN:
SF:src/modules/account/getBalance/GetBalanceController.ts
FN:7,(anonymous_1)
FNF:1
FNH:1
FNDA:2,(anonymous_1)
DA:3,9
DA:4,9
DA:8,2
DA:10,2
DA:14,2
DA:20,9
LF:6
LH:6
BRF:0
BRH:0
end_of_record
TN:
SF:src/modules/account/postEvent/AccountDepositUseCase.ts
FN:11,(anonymous_0)
FN:15,(anonymous_1)
FNF:2
FNH:2
FNDA:6,(anonymous_0)
FNDA:6,(anonymous_1)
DA:8,9
DA:12,6
DA:16,6
DA:21,6
LF:4
LH:4
BRF:0
BRH:0
end_of_record
TN:
SF:src/modules/account/postEvent/AccountTransferUseCase.ts
FN:12,(anonymous_0)
FN:16,(anonymous_1)
FNF:2
FNH:2
FNDA:2,(anonymous_0)
FNDA:2,(anonymous_1)
DA:9,9
DA:13,2
DA:17,2
DA:23,2
LF:4
LH:4
BRF:0
BRH:0
end_of_record
TN:
SF:src/modules/account/postEvent/AccountWithdrawUseCase.ts
FN:11,(anonymous_0)
FN:15,(anonymous_1)
FNF:2
FNH:2
FNDA:2,(anonymous_0)
FNDA:2,(anonymous_1)
DA:8,9
DA:12,2
DA:16,2
DA:18,2
LF:4
LH:4
BRF:0
BRH:0
end_of_record
TN:
SF:src/modules/account/postEvent/PostEventController.ts
FN:14,(anonymous_1)
FNF:1
FNH:1
FNDA:10,(anonymous_1)
DA:3,9
DA:9,9
DA:10,9
DA:11,9
DA:15,10
DA:22,10
DA:23,6
DA:27,4
DA:28,2
DA:32,2
DA:33,2
DA:40,10
DA:46,9
LF:13
LH:13
BRDA:22,0,0,6
BRDA:22,0,1,4
BRDA:27,1,0,2
BRDA:27,1,1,2
BRDA:32,2,0,2
BRF:5
BRH:5
end_of_record
TN:
SF:src/modules/account/resetState/AccountResetStateUseCase.ts
FN:7,(anonymous_0)
FN:11,(anonymous_1)
FNF:2
FNH:2
FNDA:2,(anonymous_0)
FNDA:2,(anonymous_1)
DA:2,9
DA:4,9
DA:8,2
DA:12,2
DA:14,2
LF:5
LH:5
BRF:0
BRH:0
end_of_record
TN:
SF:src/modules/account/resetState/ResetStateController.ts
FN:7,(anonymous_1)
FNF:1
FNH:1
FNDA:2,(anonymous_1)
DA:3,9
DA:4,9
DA:8,2
DA:12,2
DA:18,9
LF:5
LH:5
BRF:0
BRH:0
end_of_record
TN:
SF:src/repositories/InMemoryDatabaseAccountRepository.ts
FN:19,(anonymous_0)
FN:33,(anonymous_1)
FN:49,(anonymous_2)
FN:82,(anonymous_3)
FN:105,(anonymous_4)
FN:107,(anonymous_5)
FN:111,(anonymous_6)
FNF:7
FNH:7
FNDA:2,(anonymous_0)
FNDA:2,(anonymous_1)
FNDA:6,(anonymous_2)
FNDA:2,(anonymous_3)
FNDA:2,(anonymous_4)
FNDA:2,(anonymous_5)
FNDA:1,(anonymous_6)
DA:10,9
DA:16,9
DA:18,9
DA:20,2
DA:22,2
DA:27,2
DA:34,2
DA:35,2
DA:36,1
DA:43,1
DA:50,6
DA:51,1
DA:52,0
DA:54,0
DA:66,6
DA:71,6
DA:83,2
DA:84,1
DA:85,1
DA:87,1
DA:99,1
DA:106,2
DA:107,2
DA:110,2
DA:111,1
DA:114,2
DA:115,1
DA:116,1
DA:118,1
DA:133,1
LF:30
LH:28
BRDA:35,0,0,1
BRDA:51,1,0,0
BRDA:84,2,0,1
BRDA:114,3,0,1
BRDA:114,4,0,2
BRDA:114,4,1,1
BRF:6
BRH:5
end_of_record
TN:
SF:src/shared/constants.ts
FNF:0
FNH:0
DA:1,9
DA:3,9
DA:5,9
DA:7,9
DA:9,9
LF:5
LH:5
BRF:0
BRH:0
end_of_record
